<?xml version="1.0" encoding="UTF-8"?>
<!-- Generated by org.testng.reporters.JUnitXMLReporter -->
<testsuite ignored="0" hostname="DESKTOP-5OV9KF3" failures="0" tests="4" name="Regression suite 1" time="0.119" errors="0" timestamp="2022-11-10T17:13:52 IST">
  <testcase classname="TestNG.TestNGDemo1" name="FirstTestDemo1" time="0.011"/>
  <testcase classname="TestNG.TestNGDemo1" name="FirstTestDemo2" time="0.001"/>
  <testcase classname="TestNG.TestNGDemo2" name="SecondTestDemo1" time="0.003"/>
  <testcase classname="TestNG.TestNGDemo2" name="SecondTestDemo2" time="0.003"/>
</testsuite> <!-- Regression suite 1 -->
