<?xml version="1.0" encoding="UTF-8"?>
<!-- Generated by org.testng.reporters.JUnitXMLReporter -->
<testsuite ignored="0" hostname="DESKTOP-5OV9KF3" failures="0" tests="6" name="IntroductionTesting" time="0.21" errors="0" timestamp="2022-11-10T16:35:18 IST">
  <testcase classname="TestNGExample" name="setData" time="0.007"/>
  <testcase classname="TestNGExample" name="setData" time="0.001"/>
  <testcase classname="TestNGExample" name="setData" time="0.003"/>
  <testcase classname="TestNGExample" name="testCase01" time="0.001"/>
  <testcase classname="TestNGExample" name="testCase02" time="0.002"/>
  <testcase classname="TestNGExample" name="testCase03" time="0.001"/>
</testsuite> <!-- IntroductionTesting -->
