<?xml version="1.0" encoding="UTF-8"?>
<testng-results ignored="0" total="4" passed="4" failed="0" skipped="0">
  <reporter-output>
  </reporter-output>
  <suite started-at="2022-11-10T17:13:52 IST" name="example suite 1" finished-at="2022-11-10T17:13:52 IST" duration-ms="119">
    <groups>
    </groups>
    <test started-at="2022-11-10T17:13:52 IST" name="Regression suite 1" finished-at="2022-11-10T17:13:52 IST" duration-ms="119">
      <class name="TestNG.TestNGDemo2">
        <test-method signature="SecondTestDemo1()[pri:0, instance:TestNG.TestNGDemo2@2aa5fe93]" started-at="2022-11-10T17:13:52 IST" name="SecondTestDemo1" finished-at="2022-11-10T17:13:52 IST" duration-ms="3" status="PASS">
          <reporter-output>
          </reporter-output>
        </test-method> <!-- SecondTestDemo1 -->
        <test-method signature="SecondTestDemo2()[pri:0, instance:TestNG.TestNGDemo2@2aa5fe93]" started-at="2022-11-10T17:13:52 IST" name="SecondTestDemo2" finished-at="2022-11-10T17:13:52 IST" duration-ms="3" status="PASS">
          <reporter-output>
          </reporter-output>
        </test-method> <!-- SecondTestDemo2 -->
      </class> <!-- TestNG.TestNGDemo2 -->
      <class name="TestNG.TestNGDemo1">
        <test-method signature="FirstTestDemo1()[pri:0, instance:TestNG.TestNGDemo1@78b1cc93]" started-at="2022-11-10T17:13:52 IST" name="FirstTestDemo1" finished-at="2022-11-10T17:13:52 IST" duration-ms="11" status="PASS">
          <reporter-output>
          </reporter-output>
        </test-method> <!-- FirstTestDemo1 -->
        <test-method signature="FirstTestDemo2()[pri:0, instance:TestNG.TestNGDemo1@78b1cc93]" started-at="2022-11-10T17:13:52 IST" name="FirstTestDemo2" finished-at="2022-11-10T17:13:52 IST" duration-ms="1" status="PASS">
          <reporter-output>
          </reporter-output>
        </test-method> <!-- FirstTestDemo2 -->
      </class> <!-- TestNG.TestNGDemo1 -->
    </test> <!-- Regression suite 1 -->
  </suite> <!-- example suite 1 -->
</testng-results>
